<?xml version='1.0'?>
<ns2:test-suite xmlns:ns2='urn:model.allure.qatools.yandex.ru' start='1669170663118' stop='1669170687310'>
    <name>Create Account</name>
    <title>Create Account</title>
    <test-cases>
        <test-case start='1669170663119' status='passed' stop='1669170668381'>
            <name>should successfully create account with valid credentials</name>
            <title>should successfully create account with valid credentials</title>
            <labels>
                <label name='language' value='javascript'/>
                <label name='framework' value='wdio'/>
                <label name='thread' value='0-0'/>
            </labels>
            <parameters>
                <parameter kind='argument' name='browser' value='chrome-107.0.5304.107'/>
            </parameters>
            <steps/>
            <attachments/>
        </test-case>
        <test-case start='1669170668382' status='passed' stop='1669170674984'>
            <name>should successfully add product to cart</name>
            <title>should successfully add product to cart</title>
            <labels>
                <label name='language' value='javascript'/>
                <label name='framework' value='wdio'/>
                <label name='thread' value='0-0'/>
            </labels>
            <parameters>
                <parameter kind='argument' name='browser' value='chrome-107.0.5304.107'/>
            </parameters>
            <steps/>
            <attachments/>
        </test-case>
        <test-case start='1669170674985' status='broken' stop='1669170687308'>
            <name>should successfully place order of purchase</name>
            <title>should successfully place order of purchase</title>
            <labels>
                <label name='language' value='javascript'/>
                <label name='framework' value='wdio'/>
                <label name='thread' value='0-0'/>
            </labels>
            <parameters>
                <parameter kind='argument' name='browser' value='chrome-107.0.5304.107'/>
            </parameters>
            <steps/>
            <attachments/>
            <failure>
                <message>Can't call setValue on element with selector "input[name="street[0]"]" because element wasn't found</message>
                <stack-trace>Error: Can't call setValue on element with selector "input[name="street[0]"]" because element wasn't found
                    at implicitWait (C:\Users\aclea\UI Automation Bootcamp JS\Anthony_Mclean_WebdriverIO_Assignment\node_modules\webdriverio\build\utils\implicitWait.js:34:19)
                    at async Element.elementErrorHandlerCallbackFn (C:\Users\aclea\UI Automation Bootcamp JS\Anthony_Mclean_WebdriverIO_Assignment\node_modules\webdriverio\build\middlewares.js:20:29)
                    at async Element.wrapCommandFn (C:\Users\aclea\UI Automation Bootcamp JS\Anthony_Mclean_WebdriverIO_Assignment\node_modules\@wdio\utils\build\shim.js:137:29)
                    at async PurchaseProdPage.purchaseProduct (C:\Users\aclea\UI Automation Bootcamp JS\Anthony_Mclean_WebdriverIO_Assignment\test\pageobjects\purchaseProd.page.js:65:9)
                    at async Context.&lt;anonymous> (C:\Users\aclea\UI Automation Bootcamp JS\Anthony_Mclean_WebdriverIO_Assignment\test\specs\workflow.e2e.js:42:9)</stack-trace>
            </failure>
        </test-case>
        <test-case start='1669170687309' status='pending' stop='1669170687309'>
            <name></name>
            <title></title>
            <labels/>
            <parameters/>
            <steps/>
            <attachments/>
            <failure>
                <message>Test ignored</message>
                <stack-trace>undefined</stack-trace>
            </failure>
        </test-case>
    </test-cases>
</ns2:test-suite>