<?xml version='1.0'?>
<ns2:test-suite xmlns:ns2='urn:model.allure.qatools.yandex.ru' start='1669171449979' stop='1669171465383'>
    <name>Create Account</name>
    <title>Create Account</title>
    <test-cases>
        <test-case start='1669171449979' status='passed' stop='1669171455129'>
            <name>should successfully create account with valid credentials</name>
            <title>should successfully create account with valid credentials</title>
            <labels>
                <label name='language' value='javascript'/>
                <label name='framework' value='wdio'/>
                <label name='thread' value='0-0'/>
            </labels>
            <parameters>
                <parameter kind='argument' name='browser' value='chrome-107.0.5304.107'/>
            </parameters>
            <steps/>
            <attachments/>
        </test-case>
        <test-case start='1669171455129' status='passed' stop='1669171459887'>
            <name>should successfully add product to cart</name>
            <title>should successfully add product to cart</title>
            <labels>
                <label name='language' value='javascript'/>
                <label name='framework' value='wdio'/>
                <label name='thread' value='0-0'/>
            </labels>
            <parameters>
                <parameter kind='argument' name='browser' value='chrome-107.0.5304.107'/>
            </parameters>
            <steps/>
            <attachments/>
        </test-case>
        <test-case start='1669171459888' status='broken' stop='1669171465381'>
            <name>should successfully place order of purchase</name>
            <title>should successfully place order of purchase</title>
            <labels>
                <label name='language' value='javascript'/>
                <label name='framework' value='wdio'/>
                <label name='thread' value='0-0'/>
            </labels>
            <parameters>
                <parameter kind='argument' name='browser' value='chrome-107.0.5304.107'/>
            </parameters>
            <steps/>
            <attachments/>
            <failure>
                <message>elem[prop] is not a function</message>
                <stack-trace>TypeError: elem[prop] is not a function
                    at C:\Users\aclea\UI Automation Bootcamp JS\Anthony_Mclean_WebdriverIO_Assignment\node_modules\@wdio\utils\build\shim.js:253:38
                    at processTicksAndRejections (node:internal/process/task_queues:96:5)
                    at async PurchaseProdPage.purchaseProduct (C:\Users\aclea\UI Automation Bootcamp JS\Anthony_Mclean_WebdriverIO_Assignment\test\pageobjects\purchaseProd.page.js:73:9)
                    at async Context.&lt;anonymous> (C:\Users\aclea\UI Automation Bootcamp JS\Anthony_Mclean_WebdriverIO_Assignment\test\specs\workflow.e2e.js:42:9)</stack-trace>
            </failure>
        </test-case>
        <test-case start='1669171465382' status='pending' stop='1669171465382'>
            <name></name>
            <title></title>
            <labels/>
            <parameters/>
            <steps/>
            <attachments/>
            <failure>
                <message>Test ignored</message>
                <stack-trace>undefined</stack-trace>
            </failure>
        </test-case>
    </test-cases>
</ns2:test-suite>